[debug] [2022-05-18T16:02:27.643Z] ----------------------------------------------------------------------
[debug] [2022-05-18T16:02:27.646Z] Command:       C:\Program Files\nodejs\node.exe C:\Users\PACHISAURIO\AppData\Roaming\npm\node_modules\firebase-tools\lib\bin\firebase.js init
[debug] [2022-05-18T16:02:27.648Z] CLI Version:   10.9.2
[debug] [2022-05-18T16:02:27.648Z] Platform:      win32
[debug] [2022-05-18T16:02:27.648Z] Node Version:  v17.3.0
[debug] [2022-05-18T16:02:27.649Z] Time:          Wed May 18 2022 13:02:27 GMT-0300 (hora estándar de Argentina)
[debug] [2022-05-18T16:02:27.650Z] ----------------------------------------------------------------------
[debug] 
[debug] [2022-05-18T16:02:27.660Z] > command requires scopes: ["email","openid","https://www.googleapis.com/auth/cloudplatformprojects.readonly","https://www.googleapis.com/auth/firebase","https://www.googleapis.com/auth/cloud-platform"]
[debug] [2022-05-18T16:02:27.661Z] > authorizing via signed-in user (pachy.sms@gmail.com)
[info] 
     ######## #### ########  ######## ########     ###     ######  ########
     ##        ##  ##     ## ##       ##     ##  ##   ##  ##       ##
     ######    ##  ########  ######   ########  #########  ######  ######
     ##        ##  ##    ##  ##       ##     ## ##     ##       ## ##
     ##       #### ##     ## ######## ########  ##     ##  ######  ########

You're about to initialize a Firebase project in this directory:

  C:\Users\PACHISAURIO\Desktop\PORTFOLIO

[debug] [2022-05-18T16:03:15.766Z] Error: kill ENOSYS
    at process.kill (node:internal/process/per_thread:214:13)
    at process.listener (C:\Users\PACHISAURIO\AppData\Roaming\npm\node_modules\firebase-tools\node_modules\signal-exit\index.js:95:15)
    at process.emit (node:events:390:28)
[error] 
[error] Error: An unexpected error has occurred.
