[debug] [2022-07-31T15:23:12.889Z] ----------------------------------------------------------------------
[debug] [2022-07-31T15:23:12.892Z] Command:       C:\Program Files\nodejs\node.exe C:\Users\PACHISAURIO\AppData\Roaming\npm\node_modules\firebase-tools\lib\bin\firebase.js serve
[debug] [2022-07-31T15:23:12.893Z] CLI Version:   10.9.2
[debug] [2022-07-31T15:23:12.893Z] Platform:      win32
[debug] [2022-07-31T15:23:12.893Z] Node Version:  v17.3.0
[debug] [2022-07-31T15:23:12.894Z] Time:          Sun Jul 31 2022 12:23:12 GMT-0300 (hora estándar de Argentina)
[debug] [2022-07-31T15:23:12.895Z] ----------------------------------------------------------------------
[debug] 
[debug] [2022-07-31T15:23:13.011Z] > command requires scopes: ["email","openid","https://www.googleapis.com/auth/cloudplatformprojects.readonly","https://www.googleapis.com/auth/firebase","https://www.googleapis.com/auth/cloud-platform"]
[debug] [2022-07-31T15:23:13.011Z] > authorizing via signed-in user (pachy.sms@gmail.com)
[debug] [2022-07-31T15:23:13.011Z] [iam] checking project portfolioweb-ppacci for permissions ["firebase.projects.get"]
[debug] [2022-07-31T15:23:13.014Z] >>> [apiv2][query] POST https://cloudresourcemanager.googleapis.com/v1/projects/portfolioweb-ppacci:testIamPermissions [none]
[debug] [2022-07-31T15:23:13.015Z] >>> [apiv2][body] POST https://cloudresourcemanager.googleapis.com/v1/projects/portfolioweb-ppacci:testIamPermissions {"permissions":["firebase.projects.get"]}
[debug] [2022-07-31T15:23:13.967Z] <<< [apiv2][status] POST https://cloudresourcemanager.googleapis.com/v1/projects/portfolioweb-ppacci:testIamPermissions 200
[debug] [2022-07-31T15:23:13.967Z] <<< [apiv2][body] POST https://cloudresourcemanager.googleapis.com/v1/projects/portfolioweb-ppacci:testIamPermissions {"permissions":["firebase.projects.get"]}
[debug] [2022-07-31T15:23:13.970Z] >>> [apiv2][query] GET https://firebase.googleapis.com/v1beta1/projects/portfolioweb-ppacci [none]
[debug] [2022-07-31T15:23:14.933Z] <<< [apiv2][status] GET https://firebase.googleapis.com/v1beta1/projects/portfolioweb-ppacci 200
[debug] [2022-07-31T15:23:14.934Z] <<< [apiv2][body] GET https://firebase.googleapis.com/v1beta1/projects/portfolioweb-ppacci {"projectId":"portfolioweb-ppacci","projectNumber":"411376903526","displayName":"portfolio-front","name":"projects/portfolioweb-ppacci","resources":{"hostingSite":"portfolioweb-ppacci"},"state":"ACTIVE","etag":"1_4f308adb-4b1a-4c7d-acd4-c6c5d18816e1"}
[info] 
[info] === Serving from 'C:\Users\PACHISAURIO\Desktop\PORTFOLIO\portfolioWeb'...
[info] 
[debug] [2022-07-31T15:23:14.940Z] >>> [apiv2][query] GET https://firebasehosting.googleapis.com/v1beta1/projects/portfolioweb-ppacci/sites 
[debug] [2022-07-31T15:23:16.201Z] <<< [apiv2][status] GET https://firebasehosting.googleapis.com/v1beta1/projects/portfolioweb-ppacci/sites 200
[debug] [2022-07-31T15:23:16.201Z] <<< [apiv2][body] GET https://firebasehosting.googleapis.com/v1beta1/projects/portfolioweb-ppacci/sites {"sites":[{"name":"projects/portfolioweb-ppacci/sites/portfolioweb-ppacci","defaultUrl":"https://portfolioweb-ppacci.web.app","type":"DEFAULT_SITE"}]}
[debug] [2022-07-31T15:23:16.202Z] >>> [apiv2][query] GET https://firebase.googleapis.com/v1beta1/projects/portfolioweb-ppacci/webApps/-/config [none]
[debug] [2022-07-31T15:23:17.266Z] <<< [apiv2][status] GET https://firebase.googleapis.com/v1beta1/projects/portfolioweb-ppacci/webApps/-/config 200
[debug] [2022-07-31T15:23:17.267Z] <<< [apiv2][body] GET https://firebase.googleapis.com/v1beta1/projects/portfolioweb-ppacci/webApps/-/config {"projectId":"portfolioweb-ppacci","storageBucket":"portfolioweb-ppacci.appspot.com","apiKey":"AIzaSyCSAvMMAfIwPIyMLcByHudVn-HVHZODJj0","authDomain":"portfolioweb-ppacci.firebaseapp.com","messagingSenderId":"411376903526"}
[info] i  hosting: Serving hosting files from: public {"metadata":{"emulator":{"name":"hosting"},"message":"Serving hosting files from: \u001b[1mpublic\u001b[22m"}}
[info] +  hosting: Local server: http://localhost:5000 {"metadata":{"emulator":{"name":"hosting"},"message":"Local server: \u001b[4m\u001b[1mhttp://localhost:5000\u001b[22m\u001b[24m"}}
[info] i  hosting: ::1 - - [31/Jul/2022:15:23:21 +0000] "GET / HTTP/1.1" 200 4596 "-" "Mozilla/5.0 (Windows NT 10.0; Win64; x64) AppleWebKit/537.36 (KHTML, like Gecko) Chrome/103.0.5060.134 Safari/537.36 Edg/103.0.1264.77" {"metadata":{"emulator":{"name":"hosting"},"message":"::1 - - [31/Jul/2022:15:23:21 +0000] \"GET / HTTP/1.1\" 200 4596 \"-\" \"Mozilla/5.0 (Windows NT 10.0; Win64; x64) AppleWebKit/537.36 (KHTML, like Gecko) Chrome/103.0.5060.134 Safari/537.36 Edg/103.0.1264.77\""}}
[debug] [2022-07-31T15:23:21.115Z] >>> [apiv2][query] GET https://www.gstatic.com/firebasejs/9.9.1/firebase-app-compat.js [none]
[debug] [2022-07-31T15:23:21.124Z] >>> [apiv2][query] GET https://www.gstatic.com/firebasejs/9.9.1/firebase-auth-compat.js [none]
[debug] [2022-07-31T15:23:21.130Z] >>> [apiv2][query] GET https://www.gstatic.com/firebasejs/9.9.1/firebase-firestore-compat.js [none]
[debug] [2022-07-31T15:23:21.135Z] >>> [apiv2][query] GET https://www.gstatic.com/firebasejs/9.9.1/firebase-database-compat.js [none]
[debug] [2022-07-31T15:23:21.140Z] >>> [apiv2][query] GET https://www.gstatic.com/firebasejs/9.9.1/firebase-messaging-compat.js [none]
[debug] [2022-07-31T15:23:21.144Z] >>> [apiv2][query] GET https://www.gstatic.com/firebasejs/9.9.1/firebase-functions-compat.js [none]
[debug] [2022-07-31T15:23:21.194Z] <<< [apiv2][status] GET https://www.gstatic.com/firebasejs/9.9.1/firebase-app-compat.js 200
[debug] [2022-07-31T15:23:21.194Z] <<< [apiv2][body] GET https://www.gstatic.com/firebasejs/9.9.1/firebase-app-compat.js [stream]
[info] i  hosting: ::1 - - [31/Jul/2022:15:23:21 +0000] "GET /__/firebase/9.9.1/firebase-app-compat.js HTTP/1.1" 200 8876 "http://localhost:5000/" "Mozilla/5.0 (Windows NT 10.0; Win64; x64) AppleWebKit/537.36 (KHTML, like Gecko) Chrome/103.0.5060.134 Safari/537.36 Edg/103.0.1264.77" {"metadata":{"emulator":{"name":"hosting"},"message":"::1 - - [31/Jul/2022:15:23:21 +0000] \"GET /__/firebase/9.9.1/firebase-app-compat.js HTTP/1.1\" 200 8876 \"http://localhost:5000/\" \"Mozilla/5.0 (Windows NT 10.0; Win64; x64) AppleWebKit/537.36 (KHTML, like Gecko) Chrome/103.0.5060.134 Safari/537.36 Edg/103.0.1264.77\""}}
[debug] [2022-07-31T15:23:21.216Z] <<< [apiv2][status] GET https://www.gstatic.com/firebasejs/9.9.1/firebase-database-compat.js 200
[debug] [2022-07-31T15:23:21.216Z] <<< [apiv2][body] GET https://www.gstatic.com/firebasejs/9.9.1/firebase-database-compat.js [stream]
[info] i  hosting: ::1 - - [31/Jul/2022:15:23:21 +0000] "GET /__/firebase/9.9.1/firebase-database-compat.js HTTP/1.1" 200 165984 "http://localhost:5000/" "Mozilla/5.0 (Windows NT 10.0; Win64; x64) AppleWebKit/537.36 (KHTML, like Gecko) Chrome/103.0.5060.134 Safari/537.36 Edg/103.0.1264.77" {"metadata":{"emulator":{"name":"hosting"},"message":"::1 - - [31/Jul/2022:15:23:21 +0000] \"GET /__/firebase/9.9.1/firebase-database-compat.js HTTP/1.1\" 200 165984 \"http://localhost:5000/\" \"Mozilla/5.0 (Windows NT 10.0; Win64; x64) AppleWebKit/537.36 (KHTML, like Gecko) Chrome/103.0.5060.134 Safari/537.36 Edg/103.0.1264.77\""}}
[debug] [2022-07-31T15:23:21.242Z] <<< [apiv2][status] GET https://www.gstatic.com/firebasejs/9.9.1/firebase-auth-compat.js 200
[debug] [2022-07-31T15:23:21.242Z] <<< [apiv2][body] GET https://www.gstatic.com/firebasejs/9.9.1/firebase-auth-compat.js [stream]
[info] i  hosting: ::1 - - [31/Jul/2022:15:23:21 +0000] "GET /__/firebase/9.9.1/firebase-auth-compat.js HTTP/1.1" 200 36011 "http://localhost:5000/" "Mozilla/5.0 (Windows NT 10.0; Win64; x64) AppleWebKit/537.36 (KHTML, like Gecko) Chrome/103.0.5060.134 Safari/537.36 Edg/103.0.1264.77" {"metadata":{"emulator":{"name":"hosting"},"message":"::1 - - [31/Jul/2022:15:23:21 +0000] \"GET /__/firebase/9.9.1/firebase-auth-compat.js HTTP/1.1\" 200 36011 \"http://localhost:5000/\" \"Mozilla/5.0 (Windows NT 10.0; Win64; x64) AppleWebKit/537.36 (KHTML, like Gecko) Chrome/103.0.5060.134 Safari/537.36 Edg/103.0.1264.77\""}}
[debug] [2022-07-31T15:23:21.259Z] <<< [apiv2][status] GET https://www.gstatic.com/firebasejs/9.9.1/firebase-firestore-compat.js 200
[debug] [2022-07-31T15:23:21.260Z] <<< [apiv2][body] GET https://www.gstatic.com/firebasejs/9.9.1/firebase-firestore-compat.js [stream]
[info] i  hosting: ::1 - - [31/Jul/2022:15:23:21 +0000] "GET /__/firebase/9.9.1/firebase-firestore-compat.js HTTP/1.1" 200 93366 "http://localhost:5000/" "Mozilla/5.0 (Windows NT 10.0; Win64; x64) AppleWebKit/537.36 (KHTML, like Gecko) Chrome/103.0.5060.134 Safari/537.36 Edg/103.0.1264.77" {"metadata":{"emulator":{"name":"hosting"},"message":"::1 - - [31/Jul/2022:15:23:21 +0000] \"GET /__/firebase/9.9.1/firebase-firestore-compat.js HTTP/1.1\" 200 93366 \"http://localhost:5000/\" \"Mozilla/5.0 (Windows NT 10.0; Win64; x64) AppleWebKit/537.36 (KHTML, like Gecko) Chrome/103.0.5060.134 Safari/537.36 Edg/103.0.1264.77\""}}
[debug] [2022-07-31T15:23:21.293Z] <<< [apiv2][status] GET https://www.gstatic.com/firebasejs/9.9.1/firebase-functions-compat.js 200
[debug] [2022-07-31T15:23:21.293Z] <<< [apiv2][body] GET https://www.gstatic.com/firebasejs/9.9.1/firebase-functions-compat.js [stream]
[info] i  hosting: ::1 - - [31/Jul/2022:15:23:21 +0000] "GET /__/firebase/9.9.1/firebase-functions-compat.js HTTP/1.1" 200 8116 "http://localhost:5000/" "Mozilla/5.0 (Windows NT 10.0; Win64; x64) AppleWebKit/537.36 (KHTML, like Gecko) Chrome/103.0.5060.134 Safari/537.36 Edg/103.0.1264.77" {"metadata":{"emulator":{"name":"hosting"},"message":"::1 - - [31/Jul/2022:15:23:21 +0000] \"GET /__/firebase/9.9.1/firebase-functions-compat.js HTTP/1.1\" 200 8116 \"http://localhost:5000/\" \"Mozilla/5.0 (Windows NT 10.0; Win64; x64) AppleWebKit/537.36 (KHTML, like Gecko) Chrome/103.0.5060.134 Safari/537.36 Edg/103.0.1264.77\""}}
[debug] [2022-07-31T15:23:21.324Z] <<< [apiv2][status] GET https://www.gstatic.com/firebasejs/9.9.1/firebase-messaging-compat.js 200
[debug] [2022-07-31T15:23:21.324Z] <<< [apiv2][body] GET https://www.gstatic.com/firebasejs/9.9.1/firebase-messaging-compat.js [stream]
[info] i  hosting: ::1 - - [31/Jul/2022:15:23:21 +0000] "GET /__/firebase/9.9.1/firebase-messaging-compat.js HTTP/1.1" 200 9910 "http://localhost:5000/" "Mozilla/5.0 (Windows NT 10.0; Win64; x64) AppleWebKit/537.36 (KHTML, like Gecko) Chrome/103.0.5060.134 Safari/537.36 Edg/103.0.1264.77" {"metadata":{"emulator":{"name":"hosting"},"message":"::1 - - [31/Jul/2022:15:23:21 +0000] \"GET /__/firebase/9.9.1/firebase-messaging-compat.js HTTP/1.1\" 200 9910 \"http://localhost:5000/\" \"Mozilla/5.0 (Windows NT 10.0; Win64; x64) AppleWebKit/537.36 (KHTML, like Gecko) Chrome/103.0.5060.134 Safari/537.36 Edg/103.0.1264.77\""}}
[debug] [2022-07-31T15:23:21.334Z] >>> [apiv2][query] GET https://www.gstatic.com/firebasejs/9.9.1/firebase-storage-compat.js [none]
[debug] [2022-07-31T15:23:21.352Z] >>> [apiv2][query] GET https://www.gstatic.com/firebasejs/9.9.1/firebase-analytics-compat.js [none]
[debug] [2022-07-31T15:23:21.359Z] >>> [apiv2][query] GET https://www.gstatic.com/firebasejs/9.9.1/firebase-remote-config-compat.js [none]
[debug] [2022-07-31T15:23:21.364Z] >>> [apiv2][query] GET https://www.gstatic.com/firebasejs/9.9.1/firebase-performance-compat.js [none]
[info] i  hosting: ::1 - - [31/Jul/2022:15:23:21 +0000] "GET /__/firebase/init.js?useEmulator=true HTTP/1.1" 200 - "http://localhost:5000/" "Mozilla/5.0 (Windows NT 10.0; Win64; x64) AppleWebKit/537.36 (KHTML, like Gecko) Chrome/103.0.5060.134 Safari/537.36 Edg/103.0.1264.77" {"metadata":{"emulator":{"name":"hosting"},"message":"::1 - - [31/Jul/2022:15:23:21 +0000] \"GET /__/firebase/init.js?useEmulator=true HTTP/1.1\" 200 - \"http://localhost:5000/\" \"Mozilla/5.0 (Windows NT 10.0; Win64; x64) AppleWebKit/537.36 (KHTML, like Gecko) Chrome/103.0.5060.134 Safari/537.36 Edg/103.0.1264.77\""}}
[debug] [2022-07-31T15:23:21.408Z] <<< [apiv2][status] GET https://www.gstatic.com/firebasejs/9.9.1/firebase-storage-compat.js 200
[debug] [2022-07-31T15:23:21.408Z] <<< [apiv2][body] GET https://www.gstatic.com/firebasejs/9.9.1/firebase-storage-compat.js [stream]
[debug] [2022-07-31T15:23:21.410Z] <<< [apiv2][status] GET https://www.gstatic.com/firebasejs/9.9.1/firebase-analytics-compat.js 200
[debug] [2022-07-31T15:23:21.411Z] <<< [apiv2][body] GET https://www.gstatic.com/firebasejs/9.9.1/firebase-analytics-compat.js [stream]
[info] i  hosting: ::1 - - [31/Jul/2022:15:23:21 +0000] "GET /__/firebase/9.9.1/firebase-storage-compat.js HTTP/1.1" 200 38245 "http://localhost:5000/" "Mozilla/5.0 (Windows NT 10.0; Win64; x64) AppleWebKit/537.36 (KHTML, like Gecko) Chrome/103.0.5060.134 Safari/537.36 Edg/103.0.1264.77" {"metadata":{"emulator":{"name":"hosting"},"message":"::1 - - [31/Jul/2022:15:23:21 +0000] \"GET /__/firebase/9.9.1/firebase-storage-compat.js HTTP/1.1\" 200 38245 \"http://localhost:5000/\" \"Mozilla/5.0 (Windows NT 10.0; Win64; x64) AppleWebKit/537.36 (KHTML, like Gecko) Chrome/103.0.5060.134 Safari/537.36 Edg/103.0.1264.77\""}}
[debug] [2022-07-31T15:23:21.418Z] <<< [apiv2][status] GET https://www.gstatic.com/firebasejs/9.9.1/firebase-remote-config-compat.js 200
[debug] [2022-07-31T15:23:21.418Z] <<< [apiv2][body] GET https://www.gstatic.com/firebasejs/9.9.1/firebase-remote-config-compat.js [stream]
[info] i  hosting: ::1 - - [31/Jul/2022:15:23:21 +0000] "GET /__/firebase/9.9.1/firebase-analytics-compat.js HTTP/1.1" 200 25810 "http://localhost:5000/" "Mozilla/5.0 (Windows NT 10.0; Win64; x64) AppleWebKit/537.36 (KHTML, like Gecko) Chrome/103.0.5060.134 Safari/537.36 Edg/103.0.1264.77" {"metadata":{"emulator":{"name":"hosting"},"message":"::1 - - [31/Jul/2022:15:23:21 +0000] \"GET /__/firebase/9.9.1/firebase-analytics-compat.js HTTP/1.1\" 200 25810 \"http://localhost:5000/\" \"Mozilla/5.0 (Windows NT 10.0; Win64; x64) AppleWebKit/537.36 (KHTML, like Gecko) Chrome/103.0.5060.134 Safari/537.36 Edg/103.0.1264.77\""}}
[info] i  hosting: ::1 - - [31/Jul/2022:15:23:21 +0000] "GET /__/firebase/9.9.1/firebase-remote-config-compat.js HTTP/1.1" 200 27303 "http://localhost:5000/" "Mozilla/5.0 (Windows NT 10.0; Win64; x64) AppleWebKit/537.36 (KHTML, like Gecko) Chrome/103.0.5060.134 Safari/537.36 Edg/103.0.1264.77" {"metadata":{"emulator":{"name":"hosting"},"message":"::1 - - [31/Jul/2022:15:23:21 +0000] \"GET /__/firebase/9.9.1/firebase-remote-config-compat.js HTTP/1.1\" 200 27303 \"http://localhost:5000/\" \"Mozilla/5.0 (Windows NT 10.0; Win64; x64) AppleWebKit/537.36 (KHTML, like Gecko) Chrome/103.0.5060.134 Safari/537.36 Edg/103.0.1264.77\""}}
[debug] [2022-07-31T15:23:21.426Z] <<< [apiv2][status] GET https://www.gstatic.com/firebasejs/9.9.1/firebase-performance-compat.js 200
[debug] [2022-07-31T15:23:21.426Z] <<< [apiv2][body] GET https://www.gstatic.com/firebasejs/9.9.1/firebase-performance-compat.js [stream]
[info] i  hosting: ::1 - - [31/Jul/2022:15:23:21 +0000] "GET /__/firebase/9.9.1/firebase-performance-compat.js HTTP/1.1" 200 30702 "http://localhost:5000/" "Mozilla/5.0 (Windows NT 10.0; Win64; x64) AppleWebKit/537.36 (KHTML, like Gecko) Chrome/103.0.5060.134 Safari/537.36 Edg/103.0.1264.77" {"metadata":{"emulator":{"name":"hosting"},"message":"::1 - - [31/Jul/2022:15:23:21 +0000] \"GET /__/firebase/9.9.1/firebase-performance-compat.js HTTP/1.1\" 200 30702 \"http://localhost:5000/\" \"Mozilla/5.0 (Windows NT 10.0; Win64; x64) AppleWebKit/537.36 (KHTML, like Gecko) Chrome/103.0.5060.134 Safari/537.36 Edg/103.0.1264.77\""}}
[info] i  hosting: ::1 - - [31/Jul/2022:15:23:21 +0000] "GET /favicon.ico HTTP/1.1" 404 1808 "http://localhost:5000/" "Mozilla/5.0 (Windows NT 10.0; Win64; x64) AppleWebKit/537.36 (KHTML, like Gecko) Chrome/103.0.5060.134 Safari/537.36 Edg/103.0.1264.77" {"metadata":{"emulator":{"name":"hosting"},"message":"::1 - - [31/Jul/2022:15:23:21 +0000] \"GET /favicon.ico HTTP/1.1\" 404 1808 \"http://localhost:5000/\" \"Mozilla/5.0 (Windows NT 10.0; Win64; x64) AppleWebKit/537.36 (KHTML, like Gecko) Chrome/103.0.5060.134 Safari/537.36 Edg/103.0.1264.77\""}}
[debug] [2022-07-31T15:26:57.850Z] ----------------------------------------------------------------------
[debug] [2022-07-31T15:26:57.853Z] Command:       C:\Program Files\nodejs\node.exe C:\Users\PACHISAURIO\AppData\Roaming\npm\node_modules\firebase-tools\lib\bin\firebase.js serve
[debug] [2022-07-31T15:26:57.854Z] CLI Version:   10.9.2
[debug] [2022-07-31T15:26:57.854Z] Platform:      win32
[debug] [2022-07-31T15:26:57.854Z] Node Version:  v17.3.0
[debug] [2022-07-31T15:26:57.855Z] Time:          Sun Jul 31 2022 12:26:57 GMT-0300 (hora estándar de Argentina)
[debug] [2022-07-31T15:26:57.855Z] ----------------------------------------------------------------------
[debug] 
[debug] [2022-07-31T15:26:57.952Z] > command requires scopes: ["email","openid","https://www.googleapis.com/auth/cloudplatformprojects.readonly","https://www.googleapis.com/auth/firebase","https://www.googleapis.com/auth/cloud-platform"]
[debug] [2022-07-31T15:26:57.953Z] > authorizing via signed-in user (pachy.sms@gmail.com)
[debug] [2022-07-31T15:26:57.953Z] [iam] checking project portfolioweb-ppacci for permissions ["firebase.projects.get"]
[debug] [2022-07-31T15:26:57.956Z] >>> [apiv2][query] POST https://cloudresourcemanager.googleapis.com/v1/projects/portfolioweb-ppacci:testIamPermissions [none]
[debug] [2022-07-31T15:26:57.956Z] >>> [apiv2][body] POST https://cloudresourcemanager.googleapis.com/v1/projects/portfolioweb-ppacci:testIamPermissions {"permissions":["firebase.projects.get"]}
[debug] [2022-07-31T15:26:58.886Z] <<< [apiv2][status] POST https://cloudresourcemanager.googleapis.com/v1/projects/portfolioweb-ppacci:testIamPermissions 200
[debug] [2022-07-31T15:26:58.887Z] <<< [apiv2][body] POST https://cloudresourcemanager.googleapis.com/v1/projects/portfolioweb-ppacci:testIamPermissions {"permissions":["firebase.projects.get"]}
[debug] [2022-07-31T15:26:58.890Z] >>> [apiv2][query] GET https://firebase.googleapis.com/v1beta1/projects/portfolioweb-ppacci [none]
[debug] [2022-07-31T15:26:59.843Z] <<< [apiv2][status] GET https://firebase.googleapis.com/v1beta1/projects/portfolioweb-ppacci 200
[debug] [2022-07-31T15:26:59.843Z] <<< [apiv2][body] GET https://firebase.googleapis.com/v1beta1/projects/portfolioweb-ppacci {"projectId":"portfolioweb-ppacci","projectNumber":"411376903526","displayName":"portfolio-front","name":"projects/portfolioweb-ppacci","resources":{"hostingSite":"portfolioweb-ppacci"},"state":"ACTIVE","etag":"1_4f308adb-4b1a-4c7d-acd4-c6c5d18816e1"}
[info] 
[info] === Serving from 'C:\Users\PACHISAURIO\Desktop\PORTFOLIO\portfolioWeb'...
[info] 
[debug] [2022-07-31T15:26:59.849Z] >>> [apiv2][query] GET https://firebasehosting.googleapis.com/v1beta1/projects/portfolioweb-ppacci/sites 
[debug] [2022-07-31T15:27:00.983Z] <<< [apiv2][status] GET https://firebasehosting.googleapis.com/v1beta1/projects/portfolioweb-ppacci/sites 200
[debug] [2022-07-31T15:27:00.984Z] <<< [apiv2][body] GET https://firebasehosting.googleapis.com/v1beta1/projects/portfolioweb-ppacci/sites {"sites":[{"name":"projects/portfolioweb-ppacci/sites/portfolioweb-ppacci","defaultUrl":"https://portfolioweb-ppacci.web.app","type":"DEFAULT_SITE"}]}
[debug] [2022-07-31T15:27:00.984Z] >>> [apiv2][query] GET https://firebase.googleapis.com/v1beta1/projects/portfolioweb-ppacci/webApps/-/config [none]
[debug] [2022-07-31T15:27:02.064Z] <<< [apiv2][status] GET https://firebase.googleapis.com/v1beta1/projects/portfolioweb-ppacci/webApps/-/config 200
[debug] [2022-07-31T15:27:02.065Z] <<< [apiv2][body] GET https://firebase.googleapis.com/v1beta1/projects/portfolioweb-ppacci/webApps/-/config {"projectId":"portfolioweb-ppacci","storageBucket":"portfolioweb-ppacci.appspot.com","apiKey":"AIzaSyCSAvMMAfIwPIyMLcByHudVn-HVHZODJj0","authDomain":"portfolioweb-ppacci.firebaseapp.com","messagingSenderId":"411376903526"}
[info] i  hosting: Serving hosting files from: public {"metadata":{"emulator":{"name":"hosting"},"message":"Serving hosting files from: \u001b[1mpublic\u001b[22m"}}
[info] +  hosting: Local server: http://localhost:5000 {"metadata":{"emulator":{"name":"hosting"},"message":"Local server: \u001b[4m\u001b[1mhttp://localhost:5000\u001b[22m\u001b[24m"}}
[info] i  hosting: ::1 - - [31/Jul/2022:15:27:06 +0000] "GET / HTTP/1.1" 200 4596 "-" "Mozilla/5.0 (Windows NT 10.0; Win64; x64) AppleWebKit/537.36 (KHTML, like Gecko) Chrome/103.0.5060.134 Safari/537.36 Edg/103.0.1264.77" {"metadata":{"emulator":{"name":"hosting"},"message":"::1 - - [31/Jul/2022:15:27:06 +0000] \"GET / HTTP/1.1\" 200 4596 \"-\" \"Mozilla/5.0 (Windows NT 10.0; Win64; x64) AppleWebKit/537.36 (KHTML, like Gecko) Chrome/103.0.5060.134 Safari/537.36 Edg/103.0.1264.77\""}}
[info] i  hosting: ::1 - - [31/Jul/2022:15:27:06 +0000] "GET /__/firebase/init.js?useEmulator=true HTTP/1.1" 200 - "http://localhost:5000/" "Mozilla/5.0 (Windows NT 10.0; Win64; x64) AppleWebKit/537.36 (KHTML, like Gecko) Chrome/103.0.5060.134 Safari/537.36 Edg/103.0.1264.77" {"metadata":{"emulator":{"name":"hosting"},"message":"::1 - - [31/Jul/2022:15:27:06 +0000] \"GET /__/firebase/init.js?useEmulator=true HTTP/1.1\" 200 - \"http://localhost:5000/\" \"Mozilla/5.0 (Windows NT 10.0; Win64; x64) AppleWebKit/537.36 (KHTML, like Gecko) Chrome/103.0.5060.134 Safari/537.36 Edg/103.0.1264.77\""}}
